<?xml version="1.0" encoding="UTF-8"?>
<coverage generated="1637530028642" clover="3.2.0">
  <project timestamp="1637530028642" name="All files">
    <metrics statements="37" coveredstatements="37" conditionals="22" coveredconditionals="19" methods="2" coveredmethods="2" elements="61" coveredelements="58" complexity="0" loc="37" ncloc="37" packages="1" files="2" classes="2"/>
    <file name="encAtbash.js" path="D:\dev\js\node\rsschool2021q4\task2\node2021q4-task1-my_ciphering_cli\encAtbash.js">
      <metrics statements="16" coveredstatements="16" conditionals="2" coveredconditionals="2" methods="1" coveredmethods="1"/>
      <line num="3" count="4" type="stmt"/>
      <line num="4" count="4" type="stmt"/>
      <line num="5" count="4" type="stmt"/>
      <line num="6" count="4" type="stmt"/>
      <line num="7" count="4" type="stmt"/>
      <line num="9" count="4" type="stmt"/>
      <line num="10" count="4" type="stmt"/>
      <line num="11" count="4" type="cond" truecount="2" falsecount="0"/>
      <line num="12" count="2" type="stmt"/>
      <line num="13" count="2" type="stmt"/>
      <line num="14" count="2" type="stmt"/>
      <line num="17" count="2" type="stmt"/>
      <line num="18" count="2" type="stmt"/>
      <line num="19" count="2" type="stmt"/>
      <line num="22" count="4" type="stmt"/>
      <line num="25" count="1" type="stmt"/>
    </file>
    <file name="encDec.js" path="D:\dev\js\node\rsschool2021q4\task2\node2021q4-task1-my_ciphering_cli\encDec.js">
      <metrics statements="21" coveredstatements="21" conditionals="20" coveredconditionals="17" methods="1" coveredmethods="1"/>
      <line num="4" count="12" type="stmt"/>
      <line num="5" count="12" type="stmt"/>
      <line num="6" count="12" type="stmt"/>
      <line num="7" count="12" type="stmt"/>
      <line num="8" count="12" type="cond" truecount="2" falsecount="0"/>
      <line num="9" count="6" type="cond" truecount="2" falsecount="0"/>
      <line num="10" count="3" type="cond" truecount="2" falsecount="0"/>
      <line num="11" count="1" type="stmt"/>
      <line num="13" count="3" type="cond" truecount="1" falsecount="1"/>
      <line num="14" count="3" type="cond" truecount="2" falsecount="0"/>
      <line num="15" count="2" type="stmt"/>
      <line num="18" count="6" type="cond" truecount="1" falsecount="1"/>
      <line num="19" count="6" type="cond" truecount="2" falsecount="0"/>
      <line num="20" count="4" type="cond" truecount="2" falsecount="0"/>
      <line num="21" count="3" type="stmt"/>
      <line num="23" count="2" type="cond" truecount="1" falsecount="1"/>
      <line num="24" count="2" type="cond" truecount="2" falsecount="0"/>
      <line num="25" count="1" type="stmt"/>
      <line num="29" count="12" type="stmt"/>
      <line num="31" count="12" type="stmt"/>
      <line num="34" count="1" type="stmt"/>
    </file>
  </project>
</coverage>
