{"D:\\dev\\js\\node\\rsschool2021q4\\task2\\node2021q4-task1-my_ciphering_cli\\encAtbash.js": {"path":"D:\\dev\\js\\node\\rsschool2021q4\\task2\\node2021q4-task1-my_ciphering_cli\\encAtbash.js","statementMap":{"0":{"start":{"line":3,"column":17},"end":{"line":3,"column":45}},"1":{"start":{"line":4,"column":17},"end":{"line":4,"column":45}},"2":{"start":{"line":5,"column":18},"end":{"line":5,"column":46}},"3":{"start":{"line":6,"column":18},"end":{"line":6,"column":46}},"4":{"start":{"line":7,"column":23},"end":{"line":7,"column":25}},"5":{"start":{"line":9,"column":2},"end":{"line":21,"column":3}},"6":{"start":{"line":9,"column":14},"end":{"line":9,"column":15}},"7":{"start":{"line":10,"column":22},"end":{"line":10,"column":39}},"8":{"start":{"line":11,"column":4},"end":{"line":20,"column":5}},"9":{"start":{"line":12,"column":26},"end":{"line":12,"column":55}},"10":{"start":{"line":13,"column":29},"end":{"line":13,"column":59}},"11":{"start":{"line":14,"column":6},"end":{"line":14,"column":57}},"12":{"start":{"line":17,"column":27},"end":{"line":17,"column":57}},"13":{"start":{"line":18,"column":30},"end":{"line":18,"column":62}},"14":{"start":{"line":19,"column":6},"end":{"line":19,"column":58}},"15":{"start":{"line":22,"column":2},"end":{"line":22,"column":24}},"16":{"start":{"line":25,"column":0},"end":{"line":25,"column":37}}},"fnMap":{"0":{"name":"encAtbash","decl":{"start":{"line":1,"column":9},"end":{"line":1,"column":18}},"loc":{"start":{"line":1,"column":28},"end":{"line":23,"column":1}},"line":1}},"branchMap":{"0":{"loc":{"start":{"line":11,"column":4},"end":{"line":20,"column":5}},"type":"if","locations":[{"start":{"line":11,"column":4},"end":{"line":20,"column":5}},{"start":{"line":16,"column":9},"end":{"line":20,"column":5}}],"line":11}},"s":{"0":4,"1":4,"2":4,"3":4,"4":4,"5":4,"6":4,"7":4,"8":4,"9":2,"10":2,"11":2,"12":2,"13":2,"14":2,"15":4,"16":1},"f":{"0":4},"b":{"0":[2,2]},"_coverageSchema":"1a1c01bbd47fc00a2c39e90264f33305004495a9","hash":"8d6b2487eb76f0f27b8784c9d44e7507f7528252"}
,"D:\\dev\\js\\node\\rsschool2021q4\\task2\\node2021q4-task1-my_ciphering_cli\\encDec.js": {"path":"D:\\dev\\js\\node\\rsschool2021q4\\task2\\node2021q4-task1-my_ciphering_cli\\encDec.js","statementMap":{"0":{"start":{"line":4,"column":12},"end":{"line":4,"column":14}},"1":{"start":{"line":5,"column":2},"end":{"line":30,"column":3}},"2":{"start":{"line":5,"column":14},"end":{"line":5,"column":15}},"3":{"start":{"line":6,"column":15},"end":{"line":6,"column":32}},"4":{"start":{"line":7,"column":18},"end":{"line":7,"column":31}},"5":{"start":{"line":8,"column":4},"end":{"line":28,"column":5}},"6":{"start":{"line":9,"column":6},"end":{"line":17,"column":7}},"7":{"start":{"line":10,"column":8},"end":{"line":12,"column":9}},"8":{"start":{"line":11,"column":10},"end":{"line":11,"column":39}},"9":{"start":{"line":13,"column":13},"end":{"line":17,"column":7}},"10":{"start":{"line":14,"column":8},"end":{"line":16,"column":9}},"11":{"start":{"line":15,"column":10},"end":{"line":15,"column":38}},"12":{"start":{"line":18,"column":11},"end":{"line":28,"column":5}},"13":{"start":{"line":19,"column":6},"end":{"line":27,"column":7}},"14":{"start":{"line":20,"column":8},"end":{"line":22,"column":9}},"15":{"start":{"line":21,"column":10},"end":{"line":21,"column":38}},"16":{"start":{"line":23,"column":13},"end":{"line":27,"column":7}},"17":{"start":{"line":24,"column":8},"end":{"line":26,"column":9}},"18":{"start":{"line":25,"column":10},"end":{"line":25,"column":39}},"19":{"start":{"line":29,"column":4},"end":{"line":29,"column":40}},"20":{"start":{"line":31,"column":2},"end":{"line":31,"column":13}},"21":{"start":{"line":34,"column":0},"end":{"line":34,"column":33}}},"fnMap":{"0":{"name":"encrypt","decl":{"start":{"line":3,"column":9},"end":{"line":3,"column":16}},"loc":{"start":{"line":3,"column":30},"end":{"line":32,"column":1}},"line":3}},"branchMap":{"0":{"loc":{"start":{"line":8,"column":4},"end":{"line":28,"column":5}},"type":"if","locations":[{"start":{"line":8,"column":4},"end":{"line":28,"column":5}},{"start":{"line":18,"column":11},"end":{"line":28,"column":5}}],"line":8},"1":{"loc":{"start":{"line":9,"column":6},"end":{"line":17,"column":7}},"type":"if","locations":[{"start":{"line":9,"column":6},"end":{"line":17,"column":7}},{"start":{"line":13,"column":13},"end":{"line":17,"column":7}}],"line":9},"2":{"loc":{"start":{"line":10,"column":8},"end":{"line":12,"column":9}},"type":"if","locations":[{"start":{"line":10,"column":8},"end":{"line":12,"column":9}},{"start":{},"end":{}}],"line":10},"3":{"loc":{"start":{"line":13,"column":13},"end":{"line":17,"column":7}},"type":"if","locations":[{"start":{"line":13,"column":13},"end":{"line":17,"column":7}},{"start":{},"end":{}}],"line":13},"4":{"loc":{"start":{"line":14,"column":8},"end":{"line":16,"column":9}},"type":"if","locations":[{"start":{"line":14,"column":8},"end":{"line":16,"column":9}},{"start":{},"end":{}}],"line":14},"5":{"loc":{"start":{"line":18,"column":11},"end":{"line":28,"column":5}},"type":"if","locations":[{"start":{"line":18,"column":11},"end":{"line":28,"column":5}},{"start":{},"end":{}}],"line":18},"6":{"loc":{"start":{"line":19,"column":6},"end":{"line":27,"column":7}},"type":"if","locations":[{"start":{"line":19,"column":6},"end":{"line":27,"column":7}},{"start":{"line":23,"column":13},"end":{"line":27,"column":7}}],"line":19},"7":{"loc":{"start":{"line":20,"column":8},"end":{"line":22,"column":9}},"type":"if","locations":[{"start":{"line":20,"column":8},"end":{"line":22,"column":9}},{"start":{},"end":{}}],"line":20},"8":{"loc":{"start":{"line":23,"column":13},"end":{"line":27,"column":7}},"type":"if","locations":[{"start":{"line":23,"column":13},"end":{"line":27,"column":7}},{"start":{},"end":{}}],"line":23},"9":{"loc":{"start":{"line":24,"column":8},"end":{"line":26,"column":9}},"type":"if","locations":[{"start":{"line":24,"column":8},"end":{"line":26,"column":9}},{"start":{},"end":{}}],"line":24}},"s":{"0":12,"1":12,"2":12,"3":12,"4":12,"5":12,"6":6,"7":3,"8":1,"9":3,"10":3,"11":2,"12":6,"13":6,"14":4,"15":3,"16":2,"17":2,"18":1,"19":12,"20":12,"21":1},"f":{"0":12},"b":{"0":[6,6],"1":[3,3],"2":[1,2],"3":[3,0],"4":[2,1],"5":[6,0],"6":[4,2],"7":[3,1],"8":[2,0],"9":[1,1]},"_coverageSchema":"1a1c01bbd47fc00a2c39e90264f33305004495a9","hash":"939e28748cb1374d5c59d209a8933a3f208f1840"}
}
