TN:
SF:encAtbash.js
FN:1,encAtbash
FNF:1
FNH:1
FNDA:4,encAtbash
DA:3,4
DA:4,4
DA:5,4
DA:6,4
DA:7,4
DA:9,4
DA:10,4
DA:11,4
DA:12,2
DA:13,2
DA:14,2
DA:17,2
DA:18,2
DA:19,2
DA:22,4
DA:25,1
LF:16
LH:16
BRDA:11,0,0,2
BRDA:11,0,1,2
BRF:2
BRH:2
end_of_record
TN:
SF:encDec.js
FN:3,encrypt
FNF:1
FNH:1
FNDA:12,encrypt
DA:4,12
DA:5,12
DA:6,12
DA:7,12
DA:8,12
DA:9,6
DA:10,3
DA:11,1
DA:13,3
DA:14,3
DA:15,2
DA:18,6
DA:19,6
DA:20,4
DA:21,3
DA:23,2
DA:24,2
DA:25,1
DA:29,12
DA:31,12
DA:34,1
LF:21
LH:21
BRDA:8,0,0,6
BRDA:8,0,1,6
BRDA:9,1,0,3
BRDA:9,1,1,3
BRDA:10,2,0,1
BRDA:10,2,1,2
BRDA:13,3,0,3
BRDA:13,3,1,0
BRDA:14,4,0,2
BRDA:14,4,1,1
BRDA:18,5,0,6
BRDA:18,5,1,0
BRDA:19,6,0,4
BRDA:19,6,1,2
BRDA:20,7,0,3
BRDA:20,7,1,1
BRDA:23,8,0,2
BRDA:23,8,1,0
BRDA:24,9,0,1
BRDA:24,9,1,1
BRF:20
BRH:17
end_of_record
